EDA Netlist Writer report for seq_det
Fri Apr  9 12:07:46 2021
Quartus Prime Version 20.4.0 Build 72 12/14/2020 SC Pro Edition


---------------------
; Table of Contents ;
---------------------
  1. Legal Notice
  2. EDA Netlist Writer Summary
  3. EDA Netlist Writer Messages



----------------
; Legal Notice ;
----------------
Copyright (C) 2020  Intel Corporation. All rights reserved.
Your use of Intel Corporation's design tools, logic functions 
and other software and tools, and any partner logic 
functions, and any output files from any of the foregoing 
(including device programming or simulation files), and any 
associated documentation or information are expressly subject 
to the terms and conditions of the Intel Program License 
Subscription Agreement, the Intel Quartus Prime License Agreement,
the Intel FPGA IP License Agreement, or other applicable license
agreement, including, without limitation, that your use is for
the sole purpose of programming logic devices manufactured by
Intel and sold by Intel or its authorized distributors.  Please
refer to the applicable agreement for further details, at
https://fpgasoftware.intel.com/eula.



+----------------------------------------------------------------------------------+
; EDA Netlist Writer Summary                                                       ;
+---------------------------+------------------------------------------------------+
; EDA Netlist Writer Status ; No Output Files Generated - Fri Apr  9 12:07:46 2021 ;
; Revision Name             ; seq_det                                              ;
; Top-level Entity Name     ; seq_det                                              ;
; Family                    ; Cyclone 10 GX                                        ;
+---------------------------+------------------------------------------------------+


+-----------------------------+
; EDA Netlist Writer Messages ;
+-----------------------------+
Info: *******************************************************************
Info: Running Quartus Prime EDA Netlist Writer
    Info: Version 20.4.0 Build 72 12/14/2020 SC Pro Edition
    Info: Processing started: Fri Apr  9 12:07:40 2021
    Info: System process ID: 10392
Info: Command: quartus_eda --read_settings_files=on --write_settings_files=off seq_det -c seq_det
Info (16677): Loading synthesized database.
Info (16734): Loading "synthesized" snapshot for partition "root_partition".
Info (16678): Successfully loaded synthesized database: elapsed time is 00:00:05.
Warning (199027): Can't generate simulation output files. Update EDA Tool Settings to specify an EDA Simulation tool and output format. Alternatively, specify the settings with command-line options or Tcl script.
Info: Quartus Prime EDA Netlist Writer was successful. 0 errors, 1 warning
    Info: Peak virtual memory: 898 megabytes
    Info: Processing ended: Fri Apr  9 12:07:46 2021
    Info: Elapsed time: 00:00:06
    Info: System process ID: 10392


