Flow report for seq_det
Fri Apr  9 12:07:46 2021
Quartus Prime Version 20.4.0 Build 72 12/14/2020 SC Pro Edition


---------------------
; Table of Contents ;
---------------------
  1. Legal Notice
  2. Flow Summary
  3. Flow Settings
  4. Flow Non-Default Global Settings
  5. Flow Elapsed Time
  6. Flow OS Summary
  7. Flow Log



----------------
; Legal Notice ;
----------------
Copyright (C) 2020  Intel Corporation. All rights reserved.
Your use of Intel Corporation's design tools, logic functions 
and other software and tools, and any partner logic 
functions, and any output files from any of the foregoing 
(including device programming or simulation files), and any 
associated documentation or information are expressly subject 
to the terms and conditions of the Intel Program License 
Subscription Agreement, the Intel Quartus Prime License Agreement,
the Intel FPGA IP License Agreement, or other applicable license
agreement, including, without limitation, that your use is for
the sole purpose of programming logic devices manufactured by
Intel and sold by Intel or its authorized distributors.  Please
refer to the applicable agreement for further details, at
https://fpgasoftware.intel.com/eula.



+-------------------------------------------------------------------+
; Flow Summary                                                      ;
+-----------------------+-------------------------------------------+
; Flow Status           ; Successful - Fri Apr  9 12:07:46 2021     ;
; Quartus Prime Version ; 20.4.0 Build 72 12/14/2020 SC Pro Edition ;
; Revision Name         ; seq_det                                   ;
; Top-level Entity Name ; seq_det                                   ;
; Family                ; Cyclone 10 GX                             ;
+-----------------------+-------------------------------------------+


+-----------------------------------------+
; Flow Settings                           ;
+-------------------+---------------------+
; Option            ; Setting             ;
+-------------------+---------------------+
; Start date & time ; 03/27/2021 16:16:50 ;
; Main task         ; Compilation         ;
; Revision Name     ; seq_det             ;
+-------------------+---------------------+


+-----------------------------------------------------------------------------------------------------+
; Flow Non-Default Global Settings                                                                    ;
+--------------------------+-------------------------------+---------------+-------------+------------+
; Assignment Name          ; Value                         ; Default Value ; Entity Name ; Section Id ;
+--------------------------+-------------------------------+---------------+-------------+------------+
; COMPILER_SIGNATURE_ID    ; 1098349086300.161684201005756 ; --            ; --          ; --         ;
; PROJECT_OUTPUT_DIRECTORY ; output_files                  ; --            ; --          ; --         ;
+--------------------------+-------------------------------+---------------+-------------+------------+


+--------------------------------------------------+
; Flow Elapsed Time                                ;
+-------------+--------------+---------------------+
; Module Name ; Elapsed Time ; Peak Virtual Memory ;
+-------------+--------------+---------------------+
; Synthesis   ; 00:00:05     ; 496 MB              ;
; Total       ; 00:00:05     ; --                  ;
+-------------+--------------+---------------------+


+---------------------------------------------------------------------------+
; Flow OS Summary                                                           ;
+-------------+------------------+------------+------------+----------------+
; Module Name ; Machine Hostname ; OS Name    ; OS Version ; Processor type ;
+-------------+------------------+------------+------------+----------------+
; Synthesis   ; Aadhithan-PC     ; Windows 10 ; 10.0       ; x86_64         ;
+-------------+------------------+------------+------------+----------------+


------------
; Flow Log ;
------------
quartus_syn --read_settings_files=on --write_settings_files=off seq_det -c seq_det
quartus_eda --read_settings_files=on --write_settings_files=off seq_det -c seq_det



