Synthesis report
Fri Jul  2 10:25:22 2021
Quartus Prime Version 21.1.0 Build 169 03/24/2021 SC Pro Edition


---------------------
; Table of Contents ;
---------------------
  1. Synthesis Summary
  2. Synthesis Settings
  3. Synthesis Source Files Read
  4. Synthesis Partition Summary
  5. Parameter Settings for Top-Level Entity
  6. Partition "root_partition" Resource Utilization by Entity
  7. State Machine - Summary
  8. State Machine - state
  9. Registers Removed During Synthesis
 10. General Register Statistics for Partition "root_partition"
 11. Multiplexer Restructuring Statistics (Restructuring Performed)
 12. Post-Synthesis Netlist Statistics for Partition "root_partition"
 13. Synthesis Resource Usage Summary for Partition "root_partition"
 14. Synthesis Messages



+---------------------------------------------------------------+
; Synthesis Summary                                             ;
+-----------------------+---------------------------------------+
; Synthesis Status      ; Successful - Fri Jul  2 10:25:21 2021 ;
; Revision Name         ; router_fsm                            ;
; Top-level Entity Name ; router_fsm                            ;
; Family                ; Cyclone 10 GX                         ;
+-----------------------+---------------------------------------+


+---------------------------------------------------------------------------------------------------------------------------+
; Synthesis Settings                                                                                                        ;
+---------------------------------------------------------------------------------+--------------------+--------------------+
; Option                                                                          ; Setting            ; Default Value      ;
+---------------------------------------------------------------------------------+--------------------+--------------------+
; Device                                                                          ; 10CX220YF780I5G    ;                    ;
; Top-level entity name                                                           ; router_fsm         ; router_fsm         ;
; Family name                                                                     ; Cyclone 10 GX      ; Cyclone 10 GX      ;
; Enable parallel Assembler and Timing Analyzer during compilation                ; On                 ; On                 ;
; Enable compact report table                                                     ; Off                ; Off                ;
; Design Assistant include IP blocks                                              ; Off                ; Off                ;
; High fanout net threshold for RAM inference                                     ; 15                 ; 15                 ;
; Design Assistant limit on reported violations per rule                          ; 5000               ; 5000               ;
; Optimization Mode                                                               ; Balanced           ; Balanced           ;
; Allow Register Merging                                                          ; On                 ; On                 ;
; Allow Register Duplication                                                      ; On                 ; On                 ;
; Allow Register Retiming                                                         ; On                 ; On                 ;
; Allow RAM Retiming                                                              ; Off                ; Off                ;
; Allow DSP Retiming                                                              ; Off                ; Off                ;
; Restructure Multiplexers                                                        ; Auto               ; Auto               ;
; MLAB Add Timing Constraints For Mixed-Port Feed-Through Mode Setting Don't Care ; Off                ; Off                ;
; Preserve fewer node names                                                       ; On                 ; On                 ;
; Intel FPGA IP Evaluation Mode                                                   ; Enable             ; Enable             ;
; Verilog Version                                                                 ; Verilog_2001       ; Verilog_2001       ;
; VHDL Version                                                                    ; VHDL_1993          ; VHDL_1993          ;
; State Machine Processing                                                        ; Auto               ; Auto               ;
; Safe State Machine                                                              ; Auto               ; Auto               ;
; Iteration limit for constant Verilog loops                                      ; 5000               ; 5000               ;
; Iteration limit for non-constant Verilog loops                                  ; 250                ; 250                ;
; Infer RAMs from Raw Logic                                                       ; On                 ; On                 ;
; DSP Block Balancing                                                             ; Auto               ; Auto               ;
; NOT Gate Push-Back                                                              ; On                 ; On                 ;
; Power-Up Don't Care                                                             ; On                 ; On                 ;
; Remove Redundant Logic Cells                                                    ; Off                ; Off                ;
; Remove Duplicate Registers                                                      ; On                 ; On                 ;
; Ignore GLOBAL Buffers                                                           ; Off                ; Off                ;
; Ignore LCELL Buffers                                                            ; Off                ; Off                ;
; Ignore SOFT Buffers                                                             ; On                 ; On                 ;
; Optimization Technique                                                          ; Balanced           ; Balanced           ;
; Auto Open-Drain Pins                                                            ; On                 ; On                 ;
; Perform WYSIWYG Primitive Resynthesis                                           ; Off                ; Off                ;
; Auto ROM Replacement                                                            ; On                 ; On                 ;
; Auto RAM Replacement                                                            ; On                 ; On                 ;
; Auto DSP Block Replacement                                                      ; On                 ; On                 ;
; Auto Shift Register Replacement                                                 ; Auto               ; Auto               ;
; Allow Shift Register Merging across Hierarchies                                 ; Auto               ; Auto               ;
; Auto Clock Enable Replacement                                                   ; On                 ; On                 ;
; Strict RAM Replacement                                                          ; Off                ; Off                ;
; Allow Synchronous Control Signals                                               ; On                 ; On                 ;
; Force Use of Synchronous Clear Signals                                          ; Off                ; Off                ;
; Auto Resource Sharing                                                           ; Off                ; Off                ;
; Allow Any RAM Size For Recognition                                              ; Off                ; Off                ;
; Allow Any ROM Size For Recognition                                              ; Off                ; Off                ;
; Allow Any Shift Register Size For Recognition                                   ; Off                ; Off                ;
; Ignore translate_off and synthesis_off directives                               ; Off                ; Off                ;
; Timing-Driven Synthesis                                                         ; On                 ; On                 ;
; Ignore Maximum Fan-Out Assignments                                              ; Off                ; Off                ;
; Synchronization Register Chain Length                                           ; 3                  ; 3                  ;
; Power Optimization During Synthesis                                             ; Normal compilation ; Normal compilation ;
; HDL message level                                                               ; Level2             ; Level2             ;
; Number of Protected Registers Reported in Synthesis Report                      ; 100                ; 100                ;
; Number of Removed Registers Reported in Synthesis Report                        ; 5000               ; 5000               ;
; Number of Swept Nodes Reported in Synthesis Report                              ; 5000               ; 5000               ;
; Number of Inverted Registers Reported in Synthesis Report                       ; 100                ; 100                ;
; Clock MUX Protection                                                            ; On                 ; On                 ;
; Auto Gated Clock Conversion                                                     ; Off                ; Off                ;
; Block Design Naming                                                             ; Auto               ; Auto               ;
; SDC constraint protection                                                       ; Off                ; Off                ;
; Synthesis Effort                                                                ; Auto               ; Auto               ;
; Shift Register Replacement - Allow Asynchronous Clear Signal                    ; On                 ; On                 ;
; Analysis & Synthesis Message Level                                              ; Medium             ; Medium             ;
; Disable Register Merging Across Hierarchies                                     ; Auto               ; Auto               ;
; Resource Aware Inference For Block RAM                                          ; On                 ; On                 ;
; Automatic Parallel Synthesis                                                    ; On                 ; On                 ;
; Partial Reconfiguration Bitstream ID                                            ; Off                ; Off                ;
; Disable DSP Negate Inferencing                                                  ; Off                ; Off                ;
; Report Parameter Settings                                                       ; On                 ; On                 ;
; Report Parameter Settings to ASCII                                              ; On                 ; On                 ;
; Report Source Assignments                                                       ; On                 ; On                 ;
; Report Source Assignments to ASCII                                              ; On                 ; On                 ;
; Report Resource Utilization by Entity to ASCII                                  ; On                 ; On                 ;
; Size of the Latch Report                                                        ; 100                ; 100                ;
; Enable VHDL static assertion support                                            ; Off                ; Off                ;
; Enable SystemVerilog static assertion support                                   ; Off                ; Off                ;
; Enable State Machines Inference                                                 ; On                 ; On                 ;
; Enable formal verification support during compilation                           ; Off                ; Off                ;
; Size of the PR Initial Conditions Report                                        ; 100                ; 100                ;
; Number of Registers with Ignored Power-Up Settings Reported in Synthesis Report ; 500                ; 500                ;
; Report PR Initial Values as Errors                                              ; Off                ; Off                ;
; Fractal Synthesis                                                               ; Off                ; Off                ;
; Synthesis Available Resource Multiplier                                         ; 1                  ; 1                  ;
; Message Level for Unconnected Output Ports                                      ; Warning            ; Warning            ;
; Pack Barrelshifters into Carry Chains for Better Area                           ; Auto               ; Auto               ;
+---------------------------------------------------------------------------------+--------------------+--------------------+


+-----------------------------------------------------------------------------------------------------------------------------------------------------------------------------------+
; Synthesis Source Files Read                                                                                                                                                       ;
+----------------------------------+------------------------+--------------------------------------------------------------------------+---------+----------------------------------+
; File Name with User-Entered Path ; File Type              ; File Name with Absolute Path                                             ; Library ; MD5                              ;
+----------------------------------+------------------------+--------------------------------------------------------------------------+---------+----------------------------------+
; ../router_fsm.v                  ; User Verilog HDL File  ; C:/Users/Aadhithan/Documents/Code-sync/Maven_verilog/Router/router_fsm.v ;         ; 4f0f2bffcae69cfb1a703916d364cb70 ;
+----------------------------------+------------------------+--------------------------------------------------------------------------+---------+----------------------------------+


+--------------------------------------------------------------------------------------------+
; Synthesis Partition Summary                                                                ;
+----------------+----------------+---------+--------------+-------+-------------------------+
; Partition Name ; Hierarchy Path ; Type    ; Preservation ; Empty ; Partition Database File ;
+----------------+----------------+---------+--------------+-------+-------------------------+
; root_partition ; |              ; Default ;              ;       ;                         ;
+----------------+----------------+---------+--------------+-------+-------------------------+


+----------------------------------------------+
; Parameter Settings for Top-Level Entity      ;
+--------------------+-------+-----------------+
; Parameter Name     ; Value ; Type            ;
+--------------------+-------+-----------------+
; Decode_Address     ; 000   ; Unsigned Binary ;
; Load_First_Data    ; 001   ; Unsigned Binary ;
; Wait_Till_Empty    ; 010   ; Unsigned Binary ;
; Load_Data          ; 011   ; Unsigned Binary ;
; Check_Parity_Error ; 100   ; Unsigned Binary ;
; Load_Parity        ; 101   ; Unsigned Binary ;
; Fifo_Full_State    ; 110   ; Unsigned Binary ;
; Load_After_Full    ; 111   ; Unsigned Binary ;
+--------------------+-------+-----------------+


+-------------------------------------------------------------------------------------------------------------------------------------------------------------------------------------------------+
; Partition "root_partition" Resource Utilization by Entity                                                                                                                                       ;
+----------------------------+---------------------+---------------------------+-------------------+------------+------+--------------+--------+---------------------+-------------+--------------+
; Compilation Hierarchy Node ; Combinational ALUTs ; Dedicated Logic Registers ; Block Memory Bits ; DSP Blocks ; Pins ; Virtual Pins ; IOPLLs ; Full Hierarchy Name ; Entity Name ; Library Name ;
+----------------------------+---------------------+---------------------------+-------------------+------------+------+--------------+--------+---------------------+-------------+--------------+
; |                          ; 18 (18)             ; 8 (8)                     ; 0                 ; 0          ; 0    ; 0            ; 0 (0)  ; |                   ; router_fsm  ; altera_work  ;
+----------------------------+---------------------+---------------------------+-------------------+------------+------+--------------+--------+---------------------+-------------+--------------+
Note: For table entries with two numbers listed, the numbers in parentheses indicate the number of resources of the given type used by the specific entity alone. The numbers listed outside of parentheses indicate the total resources of the given type used by the specific entity and all of its sub-entities in the hierarchy.


+-------------------------------------------------------------------+
; State Machine - Summary                                           ;
+-------+------------------+------------+----------------+----------+
; Name  ; Number of States ; Using aclr ; Encoding Style ; Safeness ;
+-------+------------------+------------+----------------+----------+
; state ; 8                ; No         ; One-Hot        ; Not Safe ;
+-------+------------------+------------+----------------+----------+


Encoding Type:  One-Hot
+------------------------------------------------------------------------------------------------------------------------------------------------------------------------------------------------------------------+
; State Machine - state                                                                                                                                                                                            ;
+--------------------------+--------------------------+-----------------------+-------------------+-----------------------+-----------------+-----------------------+-----------------------+----------------------+
; Name                     ; state.Check_Parity_Error ; state.Load_After_Full ; state.Load_Parity ; state.Fifo_Full_State ; state.Load_Data ; state.Wait_Till_Empty ; state.Load_First_Data ; state.Decode_Address ;
+--------------------------+--------------------------+-----------------------+-------------------+-----------------------+-----------------+-----------------------+-----------------------+----------------------+
; state.Decode_Address     ; 0                        ; 0                     ; 0                 ; 0                     ; 0               ; 0                     ; 0                     ; 0                    ;
; state.Load_First_Data    ; 0                        ; 0                     ; 0                 ; 0                     ; 0               ; 0                     ; 1                     ; 1                    ;
; state.Wait_Till_Empty    ; 0                        ; 0                     ; 0                 ; 0                     ; 0               ; 1                     ; 0                     ; 1                    ;
; state.Load_Data          ; 0                        ; 0                     ; 0                 ; 0                     ; 1               ; 0                     ; 0                     ; 1                    ;
; state.Fifo_Full_State    ; 0                        ; 0                     ; 0                 ; 1                     ; 0               ; 0                     ; 0                     ; 1                    ;
; state.Load_Parity        ; 0                        ; 0                     ; 1                 ; 0                     ; 0               ; 0                     ; 0                     ; 1                    ;
; state.Load_After_Full    ; 0                        ; 1                     ; 0                 ; 0                     ; 0               ; 0                     ; 0                     ; 1                    ;
; state.Check_Parity_Error ; 1                        ; 0                     ; 0                 ; 0                     ; 0               ; 0                     ; 0                     ; 1                    ;
+--------------------------+--------------------------+-----------------------+-------------------+-----------------------+-----------------+-----------------------+-----------------------+----------------------+


+------------------------------------------------------------+
; Registers Removed During Synthesis                         ;
+---------------------------------------+--------------------+
; Register name                         ; Reason for Removal ;
+---------------------------------------+--------------------+
; state~0                               ; Lost fanout        ;
; state~1                               ; Lost fanout        ;
; state~2                               ; Lost fanout        ;
; Total Number of Removed Registers = 3 ;                    ;
+---------------------------------------+--------------------+


+------------------------------------------------------------+
; General Register Statistics for Partition "root_partition" ;
+----------------------------------------------+-------------+
; Statistic                                    ; Value       ;
+----------------------------------------------+-------------+
; Total registers                              ; 8           ;
; Number of registers using Synchronous Clear  ; 0           ;
; Number of registers using Synchronous Load   ; 0           ;
; Number of registers using Asynchronous Clear ; 0           ;
; Number of registers using Asynchronous Load  ; 0           ;
; Number of registers using Clock Enable       ; 0           ;
; Number of registers using Preset             ; 0           ;
+----------------------------------------------+-------------+


+--------------------------------------------------------------------------------------------------------------------------------------------------------------------+
; Multiplexer Restructuring Statistics (Restructuring Performed)                                                                                                     ;
+--------------------+-----------+---------------+----------------------+------------------------+------------+----------------------------+-------------------------+
; Multiplexer Inputs ; Bus Width ; Baseline Area ; Area if Restructured ; Saving if Restructured ; Registered ; Example Multiplexer Output ; Restructuring Performed ;
+--------------------+-----------+---------------+----------------------+------------------------+------------+----------------------------+-------------------------+
; 4:1                ; 2 bits    ; 4 LEs         ; 4 LEs                ; 0 LEs                  ; No         ; i43~0                      ; Yes                     ;
; 3:1                ; 4 bits    ; 8 LEs         ; 8 LEs                ; 0 LEs                  ; No         ; i22                        ; Yes                     ;
+--------------------+-----------+---------------+----------------------+------------------------+------------+----------------------------+-------------------------+


+------------------------------------------------------------------+
; Post-Synthesis Netlist Statistics for Partition "root_partition" ;
+------------------------+-----------------------------------------+
; Type                   ; Count                                   ;
+------------------------+-----------------------------------------+
; boundary_port          ; 22                                      ;
; cyclone10gx_ff         ; 8                                       ;
;     plain              ; 8                                       ;
; cyclone10gx_lcell_comb ; 18                                      ;
;     normal             ; 18                                      ;
;         1 data inputs  ; 1                                       ;
;         2 data inputs  ; 4                                       ;
;         3 data inputs  ; 2                                       ;
;         4 data inputs  ; 2                                       ;
;         5 data inputs  ; 5                                       ;
;         6 data inputs  ; 4                                       ;
;                        ;                                         ;
; Number of carry chains ; 0                                       ;
; Max carry chain length ; 0                                       ;
;                        ;                                         ;
; Max LUT depth          ; 2.00                                    ;
; Average LUT depth      ; 1.73                                    ;
+------------------------+-----------------------------------------+


+-----------------------------------------------------------------+
; Synthesis Resource Usage Summary for Partition "root_partition" ;
+---------------------------------------------+-------------------+
; Resource                                    ; Usage             ;
+---------------------------------------------+-------------------+
; Estimate of Logic utilization (ALMs needed) ; 11                ;
;                                             ;                   ;
; Combinational ALUT usage for logic          ; 18                ;
;     -- 7 input functions                    ; 0                 ;
;     -- 6 input functions                    ; 4                 ;
;     -- 5 input functions                    ; 5                 ;
;     -- 4 input functions                    ; 2                 ;
;     -- <=3 input functions                  ; 7                 ;
;                                             ;                   ;
; Dedicated logic registers                   ; 8                 ;
;                                             ;                   ;
; I/O pins                                    ; 22                ;
;                                             ;                   ;
; Total DSP Blocks                            ; 0                 ;
;     -- [A] Total Fixed Point DSP Blocks     ; 0                 ;
;     -- [B] Total Floating Point DSP Blocks  ; 0                 ;
;                                             ;                   ;
; Maximum fan-out node                        ; i27~0             ;
; Maximum fan-out                             ; 8                 ;
; Total fan-out                               ; 96                ;
; Average fan-out                             ; 2.00              ;
+---------------------------------------------+-------------------+


+--------------------+
; Synthesis Messages ;
+--------------------+


