Synthesis report
Sat Mar 27 10:36:00 2021
Quartus Prime Version 20.4.0 Build 72 12/14/2020 SC Pro Edition


---------------------
; Table of Contents ;
---------------------
  1. Synthesis Summary
  2. Synthesis Settings
  3. Synthesis Source Files Read
  4. Synthesis Partition Summary
  5. Ignored Source Level Assignments for Top-Level Entity
  6. Partition "root_partition" Resource Utilization by Entity
  7. Registers Removed During Synthesis
  8. General Register Statistics for Partition "root_partition"
  9. Registers Added for RAM Pass-Through Logic
 10. Registers Packed Into Inferred Megafunctions
 11. Source Assignments for mem_rtl_0|auto_generated
 12. Parameter Settings for Inferred Entity Instance: mem_rtl_0
 13. Post-Synthesis Netlist Statistics for Partition "root_partition"
 14. Synthesis Resource Usage Summary for Partition "root_partition"
 15. Synthesis RAM Summary for Partition "root_partition"
 16. Synthesis Messages



+---------------------------------------------------------------+
; Synthesis Summary                                             ;
+-----------------------+---------------------------------------+
; Synthesis Status      ; Successful - Sat Mar 27 10:35:59 2021 ;
; Revision Name         ; ram168                                ;
; Top-level Entity Name ; ram168                                ;
; Family                ; Cyclone 10 GX                         ;
+-----------------------+---------------------------------------+


+---------------------------------------------------------------------------------------------------------------------------+
; Synthesis Settings                                                                                                        ;
+---------------------------------------------------------------------------------+--------------------+--------------------+
; Option                                                                          ; Setting            ; Default Value      ;
+---------------------------------------------------------------------------------+--------------------+--------------------+
; Device                                                                          ; 10CX220YF780I5G    ;                    ;
; Top-level entity name                                                           ; ram168             ; ram168             ;
; Family name                                                                     ; Cyclone 10 GX      ; Cyclone 10 GX      ;
; Enable parallel Assembler and Timing Analyzer during compilation                ; On                 ; On                 ;
; Enable compact report table                                                     ; Off                ; Off                ;
; Design Assistant include IP blocks                                              ; Off                ; Off                ;
; High fanout net threshold for RAM inference                                     ; 15                 ; 15                 ;
; Design Assistant limit on reported violations per rule                          ; 500                ; 500                ;
; Optimization Mode                                                               ; Balanced           ; Balanced           ;
; Allow Register Merging                                                          ; On                 ; On                 ;
; Allow Register Duplication                                                      ; On                 ; On                 ;
; Allow Register Retiming                                                         ; On                 ; On                 ;
; Allow RAM Retiming                                                              ; Off                ; Off                ;
; Allow DSP Retiming                                                              ; Off                ; Off                ;
; Restructure Multiplexers                                                        ; Auto               ; Auto               ;
; MLAB Add Timing Constraints For Mixed-Port Feed-Through Mode Setting Don't Care ; Off                ; Off                ;
; Preserve fewer node names                                                       ; On                 ; On                 ;
; Intel FPGA IP Evaluation Mode                                                   ; Enable             ; Enable             ;
; Verilog Version                                                                 ; Verilog_2001       ; Verilog_2001       ;
; VHDL Version                                                                    ; VHDL_1993          ; VHDL_1993          ;
; State Machine Processing                                                        ; Auto               ; Auto               ;
; Safe State Machine                                                              ; Auto               ; Auto               ;
; Iteration limit for constant Verilog loops                                      ; 5000               ; 5000               ;
; Iteration limit for non-constant Verilog loops                                  ; 250                ; 250                ;
; Infer RAMs from Raw Logic                                                       ; On                 ; On                 ;
; DSP Block Balancing                                                             ; Auto               ; Auto               ;
; NOT Gate Push-Back                                                              ; On                 ; On                 ;
; Power-Up Don't Care                                                             ; On                 ; On                 ;
; Remove Redundant Logic Cells                                                    ; Off                ; Off                ;
; Remove Duplicate Registers                                                      ; On                 ; On                 ;
; Ignore GLOBAL Buffers                                                           ; Off                ; Off                ;
; Ignore LCELL Buffers                                                            ; Off                ; Off                ;
; Ignore SOFT Buffers                                                             ; On                 ; On                 ;
; Optimization Technique                                                          ; Balanced           ; Balanced           ;
; Auto Open-Drain Pins                                                            ; On                 ; On                 ;
; Perform WYSIWYG Primitive Resynthesis                                           ; Off                ; Off                ;
; Auto ROM Replacement                                                            ; On                 ; On                 ;
; Auto RAM Replacement                                                            ; On                 ; On                 ;
; Auto DSP Block Replacement                                                      ; On                 ; On                 ;
; Auto Shift Register Replacement                                                 ; Auto               ; Auto               ;
; Allow Shift Register Merging across Hierarchies                                 ; Auto               ; Auto               ;
; Auto Clock Enable Replacement                                                   ; On                 ; On                 ;
; Strict RAM Replacement                                                          ; Off                ; Off                ;
; Allow Synchronous Control Signals                                               ; On                 ; On                 ;
; Force Use of Synchronous Clear Signals                                          ; Off                ; Off                ;
; Auto Resource Sharing                                                           ; Off                ; Off                ;
; Allow Any RAM Size For Recognition                                              ; Off                ; Off                ;
; Allow Any ROM Size For Recognition                                              ; Off                ; Off                ;
; Allow Any Shift Register Size For Recognition                                   ; Off                ; Off                ;
; Ignore translate_off and synthesis_off directives                               ; Off                ; Off                ;
; Timing-Driven Synthesis                                                         ; On                 ; On                 ;
; Ignore Maximum Fan-Out Assignments                                              ; Off                ; Off                ;
; Synchronization Register Chain Length                                           ; 3                  ; 3                  ;
; Power Optimization During Synthesis                                             ; Normal compilation ; Normal compilation ;
; HDL message level                                                               ; Level2             ; Level2             ;
; Number of Protected Registers Reported in Synthesis Report                      ; 100                ; 100                ;
; Number of Removed Registers Reported in Synthesis Report                        ; 5000               ; 5000               ;
; Number of Swept Nodes Reported in Synthesis Report                              ; 5000               ; 5000               ;
; Number of Inverted Registers Reported in Synthesis Report                       ; 100                ; 100                ;
; Clock MUX Protection                                                            ; On                 ; On                 ;
; Auto Gated Clock Conversion                                                     ; Off                ; Off                ;
; Block Design Naming                                                             ; Auto               ; Auto               ;
; SDC constraint protection                                                       ; Off                ; Off                ;
; Synthesis Effort                                                                ; Auto               ; Auto               ;
; Shift Register Replacement - Allow Asynchronous Clear Signal                    ; On                 ; On                 ;
; Analysis & Synthesis Message Level                                              ; Medium             ; Medium             ;
; Disable Register Merging Across Hierarchies                                     ; Auto               ; Auto               ;
; Resource Aware Inference For Block RAM                                          ; On                 ; On                 ;
; Automatic Parallel Synthesis                                                    ; On                 ; On                 ;
; Partial Reconfiguration Bitstream ID                                            ; Off                ; Off                ;
; Disable DSP Negate Inferencing                                                  ; Off                ; Off                ;
; Report Parameter Settings                                                       ; On                 ; On                 ;
; Report Parameter Settings to ASCII                                              ; On                 ; On                 ;
; Report Source Assignments                                                       ; On                 ; On                 ;
; Report Source Assignments to ASCII                                              ; On                 ; On                 ;
; Report Resource Utilization by Entity to ASCII                                  ; On                 ; On                 ;
; Size of the Latch Report                                                        ; 100                ; 100                ;
; Enable State Machines Inference                                                 ; On                 ; On                 ;
; Enable formal verification support during compilation                           ; Off                ; Off                ;
; Size of the PR Initial Conditions Report                                        ; 100                ; 100                ;
; Number of Registers with Ignored Power-Up Settings Reported in Synthesis Report ; 500                ; 500                ;
; Report PR Initial Values as Errors                                              ; Off                ; Off                ;
; Fractal Synthesis                                                               ; Off                ; Off                ;
; Synthesis Available Resource Multiplier                                         ; 1                  ; 1                  ;
; Message Level for Unconnected Output Ports                                      ; Warning            ; Warning            ;
; Pack Barrelshifters into Carry Chains for Better Area                           ; Auto               ; Auto               ;
+---------------------------------------------------------------------------------+--------------------+--------------------+


+---------------------------------------------------------------------------------------------------------------------------------------------------------------------------------------------------------------------------------------------------------------------------------------+
; Synthesis Source Files Read                                                                                                                                                                                                                                                           ;
+-----------------------------------------------------------------------------------------------------+------------------------------+-----------------------------------------------------------------------------------------------------+---------+----------------------------------+
; File Name with User-Entered Path                                                                    ; File Type                    ; File Name with Absolute Path                                                                        ; Library ; MD5                              ;
+-----------------------------------------------------------------------------------------------------+------------------------------+-----------------------------------------------------------------------------------------------------+---------+----------------------------------+
; ram168.v                                                                                            ; User Verilog HDL File        ; C:/Users/Aadhithan/Documents/Verilog_labs/lab5/16x8ram/ram168.v                                     ;         ; cfad5f736fb4f4bc7ff4bf1ebce5bd17 ;
; c:/intelfpga_pro/20.4/quartus/libraries/megafunctions/altsyncram.tdf                                ; Megafunction                 ; c:/intelfpga_pro/20.4/quartus/libraries/megafunctions/altsyncram.tdf                                ; work    ;                                  ;
; stratix_ram_block.inc                                                                               ; Auto-Found AHDL File         ; c:/intelfpga_pro/20.4/quartus/libraries/megafunctions/stratix_ram_block.inc                         ;         ;                                  ;
; lpm_mux.inc                                                                                         ; Auto-Found AHDL File         ; c:/intelfpga_pro/20.4/quartus/libraries/megafunctions/lpm_mux.inc                                   ;         ;                                  ;
; lpm_decode.inc                                                                                      ; Auto-Found AHDL File         ; c:/intelfpga_pro/20.4/quartus/libraries/megafunctions/lpm_decode.inc                                ;         ;                                  ;
; aglobal204.inc                                                                                      ; Auto-Found AHDL File         ; c:/intelfpga_pro/20.4/quartus/libraries/megafunctions/aglobal204.inc                                ;         ;                                  ;
; a_rdenreg.inc                                                                                       ; Auto-Found AHDL File         ; c:/intelfpga_pro/20.4/quartus/libraries/megafunctions/a_rdenreg.inc                                 ;         ;                                  ;
; altrom.inc                                                                                          ; Auto-Found AHDL File         ; c:/intelfpga_pro/20.4/quartus/libraries/megafunctions/altrom.inc                                    ;         ;                                  ;
; altram.inc                                                                                          ; Auto-Found AHDL File         ; c:/intelfpga_pro/20.4/quartus/libraries/megafunctions/altram.inc                                    ;         ;                                  ;
; altdpram.inc                                                                                        ; Auto-Found AHDL File         ; c:/intelfpga_pro/20.4/quartus/libraries/megafunctions/altdpram.inc                                  ;         ;                                  ;
; cbx.lst                                                                                             ; Auto-Found Unspecified File  ; c:/intelfpga_pro/20.4/quartus/libraries/megafunctions/cbx.lst                                       ;         ;                                  ;
; C:/Users/Aadhithan/Documents/Verilog_labs/lab5/16x8ram/tmp-clearbox/ram168/7136/altsyncram_7jj1.tdf ; Auto-Generated Megafunction  ; C:/Users/Aadhithan/Documents/Verilog_labs/lab5/16x8ram/tmp-clearbox/ram168/7136/altsyncram_7jj1.tdf ;         ;                                  ;
+-----------------------------------------------------------------------------------------------------+------------------------------+-----------------------------------------------------------------------------------------------------+---------+----------------------------------+


+--------------------------------------------------------------------------------------------+
; Synthesis Partition Summary                                                                ;
+----------------+----------------+---------+--------------+-------+-------------------------+
; Partition Name ; Hierarchy Path ; Type    ; Preservation ; Empty ; Partition Database File ;
+----------------+----------------+---------+--------------+-------+-------------------------+
; root_partition ; |              ; Default ;              ;       ;                         ;
+----------------+----------------+---------+--------------+-------+-------------------------+


+--------------------------------------------------------------------------------------------------------------------------------------+
; Ignored Source Level Assignments for Top-Level Entity                                                                                ;
+------------+-------+------------------+-------------------------+--------------------------------------------------------------------+
; Assignment ; Value ; To               ; Reason                  ; Location                                                           ;
+------------+-------+------------------+-------------------------+--------------------------------------------------------------------+
; ORIG_DEPTH ; 16    ; clk_write_port_0 ; Invalid assignment name ; C:/Users/Aadhithan/Documents/Verilog_labs/lab5/16x8ram/ram168.v(9) ;
; ORIG_WIDTH ; 8     ; clk_write_port_0 ; Invalid assignment name ; C:/Users/Aadhithan/Documents/Verilog_labs/lab5/16x8ram/ram168.v(9) ;
+------------+-------+------------------+-------------------------+--------------------------------------------------------------------+


+----------------------------------------------------------------------------------------------------------------------------------------------------------------------------------------------------------+
; Partition "root_partition" Resource Utilization by Entity                                                                                                                                                ;
+----------------------------+---------------------+---------------------------+-------------------+------------+------+--------------+--------+--------------------------+-----------------+--------------+
; Compilation Hierarchy Node ; Combinational ALUTs ; Dedicated Logic Registers ; Block Memory Bits ; DSP Blocks ; Pins ; Virtual Pins ; IOPLLs ; Full Hierarchy Name      ; Entity Name     ; Library Name ;
+----------------------------+---------------------+---------------------------+-------------------+------------+------+--------------+--------+--------------------------+-----------------+--------------+
; |                          ; 10 (10)             ; 17 (17)                   ; 128               ; 0          ; 0    ; 0            ; 0 (0)  ; |                        ; ram168          ; altera_work  ;
;    |mem_rtl_0|             ; 0 (0)               ; 0 (0)                     ; 128               ; 0          ; 0    ; 0            ; 0 (0)  ; mem_rtl_0                ; altsyncram      ; work         ;
;       |auto_generated|     ; 0 (0)               ; 0 (0)                     ; 128               ; 0          ; 0    ; 0            ; 0 (0)  ; mem_rtl_0|auto_generated ; altsyncram_7jj1 ; work         ;
+----------------------------+---------------------+---------------------------+-------------------+------------+------+--------------+--------+--------------------------+-----------------+--------------+
Note: For table entries with two numbers listed, the numbers in parentheses indicate the number of resources of the given type used by the specific entity alone. The numbers listed outside of parentheses indicate the total resources of the given type used by the specific entity and all of its sub-entities in the hierarchy.


+--------------------------------------------------------------------------------+
; Registers Removed During Synthesis                                             ;
+---------------------------------------+----------------------------------------+
; Register name                         ; Reason for Removal                     ;
+---------------------------------------+----------------------------------------+
; i37                                   ; Stuck at VCC due to stuck port data_in ;
; i48                                   ; Stuck at VCC due to stuck port data_in ;
; i59                                   ; Stuck at VCC due to stuck port data_in ;
; i70                                   ; Stuck at VCC due to stuck port data_in ;
; i81                                   ; Stuck at VCC due to stuck port data_in ;
; i92                                   ; Stuck at VCC due to stuck port data_in ;
; i103                                  ; Stuck at VCC due to stuck port data_in ;
; i114                                  ; Stuck at VCC due to stuck port data_in ;
; Total Number of Removed Registers = 8 ;                                        ;
+---------------------------------------+----------------------------------------+


+------------------------------------------------------------+
; General Register Statistics for Partition "root_partition" ;
+----------------------------------------------+-------------+
; Statistic                                    ; Value       ;
+----------------------------------------------+-------------+
; Total registers                              ; 17          ;
; Number of registers using Synchronous Clear  ; 0           ;
; Number of registers using Synchronous Load   ; 0           ;
; Number of registers using Asynchronous Clear ; 0           ;
; Number of registers using Asynchronous Load  ; 0           ;
; Number of registers using Clock Enable       ; 17          ;
; Number of registers using Preset             ; 0           ;
+----------------------------------------------+-------------+


+--------------------------------------------+
; Registers Added for RAM Pass-Through Logic ;
+----------------------+---------------------+
; Register Name        ; RAM Name            ;
+----------------------+---------------------+
; mem_rtl_0_bypass[0]  ; mem_rtl_0           ;
; mem_rtl_0_bypass[1]  ; mem_rtl_0           ;
; mem_rtl_0_bypass[2]  ; mem_rtl_0           ;
; mem_rtl_0_bypass[3]  ; mem_rtl_0           ;
; mem_rtl_0_bypass[4]  ; mem_rtl_0           ;
; mem_rtl_0_bypass[5]  ; mem_rtl_0           ;
; mem_rtl_0_bypass[6]  ; mem_rtl_0           ;
; mem_rtl_0_bypass[7]  ; mem_rtl_0           ;
; mem_rtl_0_bypass[8]  ; mem_rtl_0           ;
; mem_rtl_0_bypass[9]  ; mem_rtl_0           ;
; mem_rtl_0_bypass[10] ; mem_rtl_0           ;
; mem_rtl_0_bypass[11] ; mem_rtl_0           ;
; mem_rtl_0_bypass[12] ; mem_rtl_0           ;
; mem_rtl_0_bypass[13] ; mem_rtl_0           ;
; mem_rtl_0_bypass[14] ; mem_rtl_0           ;
; mem_rtl_0_bypass[15] ; mem_rtl_0           ;
; mem_rtl_0_bypass[16] ; mem_rtl_0           ;
+----------------------+---------------------+


+----------------------------------------------+
; Registers Packed Into Inferred Megafunctions ;
+---------------+--------------+---------------+
; Register Name ; Megafunction ; Type          ;
+---------------+--------------+---------------+
; out[0..7]     ; mem_rtl_0    ; RAM           ;
+---------------+--------------+---------------+


+------------------------------------------------------------------+
; Source Assignments for mem_rtl_0|auto_generated                  ;
+---------------------------------+--------------------+------+----+
; Assignment                      ; Value              ; From ; To ;
+---------------------------------+--------------------+------+----+
; OPTIMIZE_POWER_DURING_SYNTHESIS ; NORMAL_COMPILATION ; -    ; -  ;
+---------------------------------+--------------------+------+----+


+--------------------------------------------------------------------------+
; Parameter Settings for Inferred Entity Instance: mem_rtl_0               ;
+------------------------------------+----------------------+--------------+
; Parameter Name                     ; Value                ; Type         ;
+------------------------------------+----------------------+--------------+
; BYTE_SIZE_BLOCK                    ; 8                    ; Untyped      ;
; AUTO_CARRY_CHAINS                  ; ON                   ; Untyped      ;
; IGNORE_CARRY_BUFFERS               ; OFF                  ; Untyped      ;
; AUTO_CASCADE_CHAINS                ; ON                   ; AUTO_CASCADE ;
; IGNORE_CASCADE_BUFFERS             ; OFF                  ; Untyped      ;
; WIDTH_BYTEENA                      ; 1                    ; Untyped      ;
; OPERATION_MODE                     ; DUAL_PORT            ; Untyped      ;
; WIDTH_A                            ; 8                    ; Untyped      ;
; WIDTHAD_A                          ; 4                    ; Untyped      ;
; NUMWORDS_A                         ; 16                   ; Untyped      ;
; OUTDATA_REG_A                      ; UNREGISTERED         ; Untyped      ;
; ADDRESS_ACLR_A                     ; NONE                 ; Untyped      ;
; OUTDATA_ACLR_A                     ; NONE                 ; Untyped      ;
; WRCONTROL_ACLR_A                   ; NONE                 ; Untyped      ;
; INDATA_ACLR_A                      ; NONE                 ; Untyped      ;
; BYTEENA_ACLR_A                     ; NONE                 ; Untyped      ;
; WIDTH_B                            ; 8                    ; Untyped      ;
; WIDTHAD_B                          ; 4                    ; Untyped      ;
; NUMWORDS_B                         ; 16                   ; Untyped      ;
; INDATA_REG_B                       ; CLOCK1               ; Untyped      ;
; WRCONTROL_WRADDRESS_REG_B          ; CLOCK1               ; Untyped      ;
; RDCONTROL_REG_B                    ; CLOCK0               ; Untyped      ;
; ADDRESS_REG_B                      ; CLOCK0               ; Untyped      ;
; OUTDATA_REG_B                      ; UNREGISTERED         ; Untyped      ;
; BYTEENA_REG_B                      ; CLOCK1               ; Untyped      ;
; INDATA_ACLR_B                      ; NONE                 ; Untyped      ;
; WRCONTROL_ACLR_B                   ; NONE                 ; Untyped      ;
; ADDRESS_ACLR_B                     ; NONE                 ; Untyped      ;
; OUTDATA_ACLR_B                     ; NONE                 ; Untyped      ;
; RDCONTROL_ACLR_B                   ; NONE                 ; Untyped      ;
; BYTEENA_ACLR_B                     ; NONE                 ; Untyped      ;
; WIDTH_BYTEENA_A                    ; 1                    ; Untyped      ;
; WIDTH_BYTEENA_B                    ; 1                    ; Untyped      ;
; RAM_BLOCK_TYPE                     ; AUTO                 ; Untyped      ;
; BYTE_SIZE                          ; 8                    ; Untyped      ;
; READ_DURING_WRITE_MODE_MIXED_PORTS ; DONT_CARE            ; Untyped      ;
; READ_DURING_WRITE_MODE_PORT_A      ; NEW_DATA_NO_NBE_READ ; Untyped      ;
; READ_DURING_WRITE_MODE_PORT_B      ; NEW_DATA_NO_NBE_READ ; Untyped      ;
; INIT_FILE                          ; UNUSED               ; Untyped      ;
; INIT_FILE_LAYOUT                   ; PORT_A               ; Untyped      ;
; MAXIMUM_DEPTH                      ; 0                    ; Untyped      ;
; CLOCK_ENABLE_INPUT_A               ; NORMAL               ; Untyped      ;
; CLOCK_ENABLE_INPUT_B               ; NORMAL               ; Untyped      ;
; CLOCK_ENABLE_OUTPUT_A              ; NORMAL               ; Untyped      ;
; CLOCK_ENABLE_OUTPUT_B              ; NORMAL               ; Untyped      ;
; CLOCK_ENABLE_CORE_A                ; USE_INPUT_CLKEN      ; Untyped      ;
; CLOCK_ENABLE_CORE_B                ; USE_INPUT_CLKEN      ; Untyped      ;
; ENABLE_ECC                         ; FALSE                ; Untyped      ;
; ECC_PIPELINE_STAGE_ENABLED         ; FALSE                ; Untyped      ;
; WIDTH_ECCSTATUS                    ; 3                    ; Untyped      ;
; DEVICE_FAMILY                      ; Cyclone 10 GX        ; Untyped      ;
; CBXI_PARAMETER                     ; altsyncram_7jj1      ; Untyped      ;
+------------------------------------+----------------------+--------------+


+------------------------------------------------------------------+
; Post-Synthesis Netlist Statistics for Partition "root_partition" ;
+------------------------+-----------------------------------------+
; Type                   ; Count                                   ;
+------------------------+-----------------------------------------+
; boundary_port          ; 27                                      ;
; cyclone10gx_ff         ; 17                                      ;
;     ENA                ; 17                                      ;
; cyclone10gx_lcell_comb ; 10                                      ;
;     normal             ; 10                                      ;
;         4 data inputs  ; 9                                       ;
;         5 data inputs  ; 1                                       ;
; cyclone10gx_ram_block  ; 8                                       ;
;                        ;                                         ;
; Number of carry chains ; 0                                       ;
; Max carry chain length ; 0                                       ;
;                        ;                                         ;
; Max LUT depth          ; 2.00                                    ;
; Average LUT depth      ; 1.00                                    ;
+------------------------+-----------------------------------------+


+-----------------------------------------------------------------+
; Synthesis Resource Usage Summary for Partition "root_partition" ;
+---------------------------------------------+-------------------+
; Resource                                    ; Usage             ;
+---------------------------------------------+-------------------+
; Estimate of Logic utilization (ALMs needed) ; 11                ;
;                                             ;                   ;
; Combinational ALUT usage for logic          ; 10                ;
;     -- 7 input functions                    ; 0                 ;
;     -- 6 input functions                    ; 0                 ;
;     -- 5 input functions                    ; 1                 ;
;     -- 4 input functions                    ; 9                 ;
;     -- <=3 input functions                  ; 0                 ;
;                                             ;                   ;
; Dedicated logic registers                   ; 17                ;
;                                             ;                   ;
; I/O pins                                    ; 27                ;
; Total MLAB memory bits                      ; 0                 ;
; Total block memory bits                     ; 128               ;
;                                             ;                   ;
; Total DSP Blocks                            ; 0                 ;
;     -- [A] Total Fixed Point DSP Blocks     ; 0                 ;
;     -- [B] Total Floating Point DSP Blocks  ; 0                 ;
;                                             ;                   ;
; Maximum fan-out node                        ; clk               ;
; Maximum fan-out                             ; 25                ;
; Total fan-out                               ; 196               ;
; Average fan-out                             ; 3.16              ;
+---------------------------------------------+-------------------+


+-----------------------------------------------------------------------------------------------------------------------------------------+
; Synthesis RAM Summary for Partition "root_partition"                                                                                    ;
+-------------------------------------+------+------------------+--------------+--------------+--------------+--------------+------+------+
; Name                                ; Type ; Mode             ; Port A Depth ; Port A Width ; Port B Depth ; Port B Width ; Size ; MIF  ;
+-------------------------------------+------+------------------+--------------+--------------+--------------+--------------+------+------+
; mem_rtl_0|auto_generated|ALTSYNCRAM ; AUTO ; Simple Dual Port ; 16           ; 8            ; 16           ; 8            ; 128  ; None ;
+-------------------------------------+------+------------------+--------------+--------------+--------------+--------------+------+------+


+--------------------+
; Synthesis Messages ;
+--------------------+
Info: *******************************************************************
Info: Running Quartus Prime Synthesis
    Info: Version 20.4.0 Build 72 12/14/2020 SC Pro Edition
    Info: Processing started: Sat Mar 27 10:35:52 2021
    Info: System process ID: 7136
Info: Command: quartus_syn --read_settings_files=on --write_settings_files=off ram168 -c ram168
Info: qis_default_flow_script.tcl version: #2
Info: Initializing Synthesis...
Info: Project = "ram168"
Info: Revision = "ram168"
Info: Analyzing source files
Info: Elaborating from top-level entity "ram168"
Info: Found 1 design entities
Info: There are 1 partitions after elaboration.
Info: Creating instance-specific data models and dissolving soft partitions
Info (18299): Expanding entity and wildcard assignments.
Info (18300): Expanded entity and wildcard assignments. Elapsed time: 00:00:00
Info: found pre-synthesis snapshots for 1 partition(s)
Info: Synthesizing partition "root_partition"
Warning (276020): Inferred RAM node "mem_rtl_0" from synchronous design logic.  Pass-through logic has been added to match the read-during-write behavior of the original design.
Info (19000): Inferred 1 megafunctions from design logic
    Info (276029): Inferred altsyncram megafunction from the following design logic: "mem_rtl_0" 
        Info (286033): Parameter OPERATION_MODE set to DUAL_PORT
        Info (286033): Parameter WIDTH_A set to 8
        Info (286033): Parameter WIDTHAD_A set to 4
        Info (286033): Parameter NUMWORDS_A set to 16
        Info (286033): Parameter WIDTH_B set to 8
        Info (286033): Parameter WIDTHAD_B set to 4
        Info (286033): Parameter NUMWORDS_B set to 16
        Info (286033): Parameter ADDRESS_ACLR_A set to NONE
        Info (286033): Parameter OUTDATA_REG_B set to UNREGISTERED
        Info (286033): Parameter ADDRESS_ACLR_B set to NONE
        Info (286033): Parameter OUTDATA_ACLR_B set to NONE
        Info (286033): Parameter ADDRESS_REG_B set to CLOCK0
        Info (286033): Parameter INDATA_ACLR_A set to NONE
        Info (286033): Parameter WRCONTROL_ACLR_A set to NONE
        Info (286033): Parameter RDCONTROL_REG_B set to CLOCK0
Warning (13044): Always-enabled tri-state buffer(s) removed
    Warning (13045): Converted the fanout from the always-enabled tri-state buffer "out[0]" to the node "data_rd[0]" into a wire File: C:/Users/Aadhithan/Documents/Verilog_labs/lab5/16x8ram/ram168.v Line: 4
    Warning (13045): Converted the fanout from the always-enabled tri-state buffer "out[1]" to the node "data_rd[1]" into a wire File: C:/Users/Aadhithan/Documents/Verilog_labs/lab5/16x8ram/ram168.v Line: 4
    Warning (13045): Converted the fanout from the always-enabled tri-state buffer "out[2]" to the node "data_rd[2]" into a wire File: C:/Users/Aadhithan/Documents/Verilog_labs/lab5/16x8ram/ram168.v Line: 4
    Warning (13045): Converted the fanout from the always-enabled tri-state buffer "out[3]" to the node "data_rd[3]" into a wire File: C:/Users/Aadhithan/Documents/Verilog_labs/lab5/16x8ram/ram168.v Line: 4
    Warning (13045): Converted the fanout from the always-enabled tri-state buffer "out[4]" to the node "data_rd[4]" into a wire File: C:/Users/Aadhithan/Documents/Verilog_labs/lab5/16x8ram/ram168.v Line: 4
    Warning (13045): Converted the fanout from the always-enabled tri-state buffer "out[5]" to the node "data_rd[5]" into a wire File: C:/Users/Aadhithan/Documents/Verilog_labs/lab5/16x8ram/ram168.v Line: 4
    Warning (13045): Converted the fanout from the always-enabled tri-state buffer "out[6]" to the node "data_rd[6]" into a wire File: C:/Users/Aadhithan/Documents/Verilog_labs/lab5/16x8ram/ram168.v Line: 4
    Warning (13045): Converted the fanout from the always-enabled tri-state buffer "out[7]" to the node "data_rd[7]" into a wire File: C:/Users/Aadhithan/Documents/Verilog_labs/lab5/16x8ram/ram168.v Line: 4
Info (286030): Timing-Driven Synthesis is running
Info (21057): Implemented 62 device resources after synthesis - the final resource count might be different
    Info (21058): Implemented 19 input pins
    Info (21059): Implemented 8 output pins
    Info (21061): Implemented 27 logic cells
    Info (21064): Implemented 8 RAM segments
Info: Successfully synthesized partition
Info: Saving post-synthesis snapshots for 1 partition(s)
Info: Quartus Prime Synthesis was successful. 0 errors, 10 warnings
    Info: Peak virtual memory: 508 megabytes
    Info: Processing ended: Sat Mar 27 10:36:00 2021
    Info: Elapsed time: 00:00:08
    Info: System process ID: 7136


