Flow report for stable
Wed Jun 23 12:18:01 2021
Quartus Prime Version 21.1.0 Build 169 03/24/2021 SC Pro Edition


---------------------
; Table of Contents ;
---------------------
  1. Legal Notice
  2. Flow Summary
  3. Flow Settings
  4. Flow Non-Default Global Settings
  5. Flow Elapsed Time
  6. Flow OS Summary
  7. Flow Log



----------------
; Legal Notice ;
----------------
Copyright (C) 2021  Intel Corporation. All rights reserved.
Your use of Intel Corporation's design tools, logic functions 
and other software and tools, and any partner logic 
functions, and any output files from any of the foregoing 
(including device programming or simulation files), and any 
associated documentation or information are expressly subject 
to the terms and conditions of the Intel Program License 
Subscription Agreement, the Intel Quartus Prime License Agreement,
the Intel FPGA IP License Agreement, or other applicable license
agreement, including, without limitation, that your use is for
the sole purpose of programming logic devices manufactured by
Intel and sold by Intel or its authorized distributors.  Please
refer to the applicable agreement for further details, at
https://fpgasoftware.intel.com/eula.



+-----------------------------------------------------+
; Flow Summary                                        ;
+-------------+---------------------------------------+
; Flow Status ; Successful - Wed Jun 23 12:18:01 2021 ;
+-------------+---------------------------------------+


+-----------------------------------------+
; Flow Settings                           ;
+-------------------+---------------------+
; Option            ; Setting             ;
+-------------------+---------------------+
; Start date & time ; 06/23/2021 12:17:53 ;
; Main task         ; Compilation         ;
; Revision Name     ; stable              ;
+-------------------+---------------------+


+--------------------------------------------------------------------+
; Flow Non-Default Global Settings                                   ;
+-----------------+-------+---------------+-------------+------------+
; Assignment Name ; Value ; Default Value ; Entity Name ; Section Id ;
+-----------------+-------+---------------+-------------+------------+


+--------------------------------------------------+
; Flow Elapsed Time                                ;
+-------------+--------------+---------------------+
; Module Name ; Elapsed Time ; Peak Virtual Memory ;
+-------------+--------------+---------------------+
; Synthesis   ; 00:00:09     ; 500 MB              ;
; Total       ; 00:00:09     ; --                  ;
+-------------+--------------+---------------------+


+---------------------------------------------------------------------------+
; Flow OS Summary                                                           ;
+-------------+------------------+------------+------------+----------------+
; Module Name ; Machine Hostname ; OS Name    ; OS Version ; Processor type ;
+-------------+------------------+------------+------------+----------------+
; Synthesis   ; Aadhithan-PC     ; Windows 10 ; 10.0       ; x86_64         ;
+-------------+------------------+------------+------------+----------------+


------------
; Flow Log ;
------------
quartus_syn --read_settings_files=on --write_settings_files=off stable -c stable



